2020-04-17 12:01:08.463179	artem
2020-04-17 12:01:23.743946	artem
2020-04-17 12:27:30.646665	artem
2020-04-17 12:35:44.884757	artem
2020-04-17 12:35:52.735016	artem
2020-04-17 12:36:21.401412	oksana
2020-04-17 12:36:22.023355	oksana
2020-04-17 13:55:19.129243	artem
2020-04-17 15:00:33.138530	artem
2020-04-17 15:14:09.581054	artem
2020-04-17 22:46:26.785035	vladislav
2020-04-18 00:30:45.051569	artem
2020-04-18 10:53:52.623447	konstantin
2020-04-18 10:56:55.833899	maxim
2020-04-18 10:57:37.331258	konstantin
2020-04-18 11:02:42.796521	artem
2020-04-18 12:05:48.200144	maxim
2020-04-18 12:06:13.237290	maxim
2020-04-18 12:06:35.574114	maxim
2020-04-18 12:19:50.182714	ekaterina
2020-04-18 12:49:16.684426	artem
2020-04-18 17:45:27.234821	artem
2020-04-18 18:14:53.813657	konstantin
2020-04-18 18:20:05.419381	konstantin
2020-04-18 18:20:32.196892	konstantin
2020-04-18 18:20:37.860671	konstantin
2020-04-18 18:24:59.632526	konstantin
2020-04-18 18:50:15.409435	konstantin
2020-04-18 19:20:27.487265	artem
2020-04-18 21:01:33.970629	konstantin
2020-04-18 21:06:16.842414	konstantin
2020-04-18 21:14:43.989325	konstantin
2020-04-18 21:33:35.285278	konstantin
2020-04-18 21:36:38.965506	konstantin
2020-04-18 21:46:57.879404	konstantin
2020-04-18 21:47:27.939041	konstantin
2020-04-18 21:58:49.438700	konstantin
2020-04-18 22:38:29.435265	konstantin
2020-04-18 23:06:34.198911	konstantin
2020-04-18 23:40:32.666884	artem
2020-04-19 00:17:22.720860	konstantin
2020-04-19 00:17:28.624573	konstantin
2020-04-19 00:43:03.766276	konstantin
2020-04-19 00:44:18.631684	konstantin
2020-04-19 01:30:14.261893	konstantin
2020-04-19 01:32:00.584633	konstantin
2020-04-19 03:23:35.471598	konstantin
2020-04-19 03:23:55.473926	konstantin
2020-04-19 03:33:07.757714	konstantin
2020-04-19 10:48:18.715956	konstantin
2020-04-19 11:15:55.042662	artem
2020-04-19 13:05:53.139270	konstantin
2020-04-19 13:09:11.157680	konstantin
2020-04-19 13:09:52.639481	konstantin
2020-04-19 13:10:30.652264	konstantin
2020-04-19 16:06:37.162352	artem
2020-04-19 17:19:37.850143	konstantin
2020-04-19 18:04:06.516230	artem
2020-04-19 21:32:51.815108	artem
2020-04-19 23:10:03.761243	artem
2020-04-20 00:08:17.652510	artem
2020-04-20 22:11:59.664315	artem
2020-04-21 11:02:44.545611	artem
2020-04-21 19:04:25.970852	maxim
2020-04-21 20:14:31.802111	artem
2020-04-21 20:14:34.656007	artem
2020-04-21 20:30:38.034966	maxim
2020-04-21 20:38:02.865051	artem
2020-04-21 22:07:24.866598	artem
2020-04-21 22:28:35.420477	konstantin
2020-04-22 10:45:25.601360	aleksey
2020-04-22 11:07:51.370397	aleksey
2020-04-22 15:21:51.907607	artem
2020-04-22 16:56:12.848579	artem
2020-04-22 19:22:40.931046	artem
2020-04-22 22:40:36.824081	nikolay
2020-04-22 23:32:56.096106	artem
2020-04-22 23:46:37.937105	artem
2020-04-23 01:43:46.508018	nikolay
2020-04-23 01:43:49.885078	nikolay
2020-04-23 11:31:42.599737	artem
2020-04-23 17:09:23.207865	artem
2020-04-23 18:58:54.114823	konstantin
2020-04-23 18:58:55.826644	konstantin
2020-04-23 18:59:20.330875	konstantin
2020-04-23 19:02:27.738957	artem
2020-04-23 22:57:50.383225	artem
2020-04-24 00:31:07.463947	artem
2020-04-24 09:42:47.598208	artem
2020-04-24 11:57:55.851961	artem
2020-04-24 11:58:07.723661	artem
2020-04-24 13:54:08.211864	artem
2020-04-24 22:26:37.905707	artem
2020-04-25 11:41:03.201654	ekaterina
2020-04-26 16:20:11.492246	artem
2020-04-26 18:11:53.804713	maxim
2020-04-26 21:53:59.624136	alexander
2020-04-26 22:06:19.478143	alexander
2020-04-26 22:12:09.614497	alexander
2020-04-26 22:13:11.447703	nikolay
2020-04-26 22:31:45.755878	artem
2020-04-26 22:49:29.243278	maxim
2020-04-26 23:08:42.282553	maxim
2020-04-26 23:17:39.909301	maxim
2020-04-26 23:41:18.281836	artem
2020-04-27 10:22:42.105617	artem
2020-04-27 13:49:13.036173	artem
2020-04-28 19:09:01.362373	no-reply
2020-04-28 19:09:27.328084	oksana
2020-04-28 19:09:28.006771	oksana
2020-04-28 19:19:43.942895	oksana
2020-04-28 19:19:45.352651	oksana
2020-04-28 23:07:20.698279	konstantin
2020-04-28 23:09:12.179207	konstantin
2020-04-29 10:41:11.110921	konstantin
2020-04-29 10:41:17.882561	konstantin
2020-04-29 13:20:32.401990	oksana
2020-04-29 13:20:33.759963	oksana
2020-04-29 13:44:51.538536	oksana
2020-04-29 13:44:52.790940	oksana
2020-04-29 16:51:21.877630	vladislav
2020-04-29 16:51:36.397066	artem
2020-04-29 18:53:34.570761	konstantin
2020-04-29 19:42:12.692595	oksana
2020-04-29 19:42:13.266750	oksana
2020-04-29 21:49:48.676812	artem
2020-04-29 23:48:14.208828	artem
2020-04-30 09:06:01.439895	konstantin
2020-04-30 12:15:25.075338	konstantin
2020-04-30 12:47:16.278173	konstantin
2020-04-30 13:58:02.545268	artem
2020-04-30 14:32:41.943379	konstantin
2020-04-30 14:32:57.079409	konstantin
2020-04-30 14:33:25.377507	konstantin
2020-04-30 15:00:18.929267	maxim
2020-04-30 16:15:29.506808	konstantin
2020-04-30 19:04:34.184401	artem
2020-04-30 19:29:01.831635	alexander
2020-04-30 22:19:28.002640	artem
2020-05-01 11:02:12.343448	artem
2020-05-01 15:36:34.327319	nikolay
2020-05-01 15:36:41.033597	nikolay
2020-05-01 18:41:17.601397	nikolay
2020-05-01 23:39:04.518273	artem
2020-05-02 10:33:38.502810	konstantin
2020-05-02 10:34:18.380508	konstantin
2020-05-02 10:34:57.121338	konstantin
2020-05-02 10:35:26.150913	konstantin
2020-05-02 10:38:43.053090	konstantin
2020-05-02 13:21:34.579038	maxim
2020-05-03 11:11:08.046018	konstantin
2020-05-03 11:11:42.932144	konstantin
2020-05-03 11:54:39.683837	konstantin
2020-05-03 11:54:56.265527	konstantin
2020-05-03 11:55:06.633369	konstantin
2020-05-03 11:55:14.557949	konstantin
2020-05-03 11:55:20.663606	konstantin
2020-05-03 11:55:31.223293	konstantin
2020-05-03 11:55:35.103035	konstantin
2020-05-03 11:55:36.443992	konstantin
2020-05-03 11:56:00.321973	konstantin
2020-05-03 11:56:19.603859	konstantin
2020-05-03 11:56:42.563839	konstantin
2020-05-03 13:38:27.590921	konstantin
2020-05-03 13:38:52.496163	konstantin
2020-05-03 21:37:47.919445	konstantin
2020-05-03 21:53:38.241169	nikolay
2020-05-03 23:02:58.174142	maxim
2020-05-03 23:14:54.165462	maxim
2020-05-04 14:31:38.856162	ekaterina
2020-05-04 19:43:35.988972	artem
2020-05-05 20:26:32.894852	alexander
2020-05-06 00:38:00.562420	konstantin
2020-05-06 00:38:57.672657	konstantin
2020-05-06 21:57:12.352220	konstantin
2020-05-07 12:38:24.792196	konstantin
2020-05-07 15:56:04.833584	artem
2020-05-07 18:51:12.029577	alexander
2020-05-08 10:53:47.123832	anatoliy
2020-05-08 11:55:39.274168	konstantin
2020-05-08 12:33:02.440199	anatoliy
2020-05-08 15:29:46.025589	artem
2020-05-08 18:44:41.645975	anatoliy
2020-05-08 19:51:56.401401	anatoliy
2020-05-08 19:52:06.119989	anatoliy
2020-05-08 19:53:28.937471	anatoliy
2020-05-08 20:04:57.443877	anatoliy
2020-05-08 20:05:00.090490	anatoliy
2020-05-08 20:05:13.939508	anatoliy
2020-05-08 20:05:23.305261	anatoliy
2020-05-08 20:05:37.807530	anatoliy
2020-05-08 20:06:09.798781	anatoliy
2020-05-08 20:06:12.200280	anatoliy
2020-05-08 20:07:39.054781	anatoliy
2020-05-08 20:07:42.113656	anatoliy
2020-05-08 20:08:32.971644	anatoliy
2020-05-08 20:22:20.338313	anatoliy
2020-05-08 20:40:09.458037	anatoliy
2020-05-08 20:40:11.765174	anatoliy
2020-05-08 20:41:29.315172	anatoliy
2020-05-08 20:41:33.149673	anatoliy
2020-05-08 20:42:30.158334	anatoliy
2020-05-08 20:43:43.793707	anatoliy
2020-05-08 20:49:18.117838	anatoliy
2020-05-08 21:02:16.868785	anatoliy
2020-05-08 21:02:19.211062	anatoliy
2020-05-08 21:02:22.271979	anatoliy
2020-05-08 21:02:27.651755	anatoliy
2020-05-08 21:02:33.272013	anatoliy
2020-05-08 21:03:00.767602	anatoliy
2020-05-08 21:59:30.456216	anatoliy
2020-05-08 21:59:41.998245	anatoliy
2020-05-08 22:03:42.928807	anatoliy
2020-05-08 22:03:51.463919	anatoliy
2020-05-08 22:04:57.462199	anatoliy
2020-05-08 22:04:59.524818	anatoliy
2020-05-08 22:06:02.870053	anatoliy
2020-05-08 22:06:06.404130	anatoliy
2020-05-08 22:06:10.206799	anatoliy
2020-05-08 22:06:14.989799	anatoliy
2020-05-08 22:06:18.229368	anatoliy
2020-05-08 22:06:24.865972	anatoliy
2020-05-08 22:10:30.609460	anatoliy
2020-05-08 22:10:33.539519	anatoliy
2020-05-08 22:10:38.901341	anatoliy
2020-05-08 22:10:43.470973	anatoliy
2020-05-08 22:10:48.655566	anatoliy
2020-05-08 23:29:12.208030	artem
2020-05-09 09:43:06.212562	anatoliy
2020-05-09 10:56:59.161519	konstantin
2020-05-09 13:43:07.772099	artem
2020-05-09 16:40:08.754428	anatoliy
2020-05-09 17:48:06.873140	anatoliy
2020-05-09 17:48:16.356564	anatoliy
2020-05-09 17:49:34.972160	anatoliy
2020-05-09 17:49:59.034945	konstantin
2020-05-09 17:50:05.107143	konstantin
2020-05-09 17:50:10.186035	konstantin
2020-05-09 17:50:15.273406	konstantin
2020-05-09 17:50:49.661389	anatoliy
2020-05-09 17:50:57.675543	anatoliy
2020-05-09 17:51:15.290876	anatoliy
2020-05-09 18:26:31.866636	anatoliy
2020-05-09 20:21:34.867684	anatoliy
2020-05-09 20:21:38.924627	anatoliy
2020-05-09 20:30:47.034282	vladislav
2020-05-09 23:53:55.599821	anatoliy
2020-05-09 23:54:54.260791	pavel
2020-05-10 00:13:42.216836	konstantin
2020-05-10 00:14:05.765256	konstantin
2020-05-10 00:17:03.110482	pavel
2020-05-10 00:17:14.304271	pavel
2020-05-10 00:25:19.062084	konstantin
2020-05-10 00:25:41.252557	pavel
2020-05-10 00:25:43.134669	konstantin
2020-05-10 00:27:11.011497	pavel
2020-05-10 00:31:49.337810	pavel
2020-05-10 00:31:52.675228	pavel
2020-05-10 00:31:57.224599	pavel
2020-05-10 00:42:46.485025	pavel
2020-05-10 00:51:22.692446	konstantin
2020-05-10 00:56:43.797923	konstantin
2020-05-10 00:56:47.646246	konstantin
2020-05-10 01:10:32.409346	pavel
2020-05-10 01:10:38.746413	pavel
2020-05-10 01:13:12.478146	pavel
2020-05-10 01:13:16.894736	pavel
2020-05-10 01:13:22.272125	pavel
2020-05-10 01:13:46.947838	konstantin
2020-05-10 01:13:50.827350	konstantin
2020-05-10 01:13:54.322409	konstantin
2020-05-10 01:14:58.747475	pavel
2020-05-10 01:15:03.425465	pavel
2020-05-10 01:15:06.044037	pavel
2020-05-10 01:15:11.422971	pavel
2020-05-10 01:16:44.264272	pavel
2020-05-10 01:16:46.986629	pavel
2020-05-10 01:16:50.190107	pavel
2020-05-10 01:17:43.921623	pavel
2020-05-10 01:17:48.279211	pavel
2020-05-10 01:17:51.813791	pavel
2020-05-10 01:19:03.150784	pavel
2020-05-10 01:19:05.534495	pavel
2020-05-10 01:19:07.959108	pavel
2020-05-10 01:19:10.022891	pavel
2020-05-10 01:22:52.024114	pavel
2020-05-10 01:26:31.011056	konstantin
2020-05-10 01:26:46.106306	pavel
2020-05-10 01:26:52.205761	pavel
2020-05-10 01:28:55.202696	pavel
2020-05-10 01:29:00.562990	pavel
2020-05-10 01:29:03.914597	pavel
2020-05-10 01:29:08.880411	pavel
2020-05-10 01:30:28.860191	pavel
2020-05-10 01:30:35.834496	pavel
2020-05-10 01:30:38.741412	konstantin
2020-05-10 01:30:45.202624	konstantin
2020-05-10 01:30:47.150204	konstantin
2020-05-10 01:30:49.285091	konstantin
2020-05-10 01:30:53.686263	konstantin
2020-05-10 01:30:58.024185	konstantin
2020-05-10 01:35:50.836028	konstantin
2020-05-10 01:39:20.521800	pavel
2020-05-10 01:46:32.686772	konstantin
2020-05-10 01:46:50.524508	konstantin
2020-05-10 01:47:06.741491	konstantin
2020-05-10 01:50:52.867948	konstantin
2020-05-10 01:50:55.510693	konstantin
2020-05-10 01:50:58.464695	konstantin
2020-05-10 01:51:13.900542	konstantin
2020-05-10 01:54:12.912076	konstantin
2020-05-10 01:54:40.783564	konstantin
2020-05-10 02:15:45.523919	konstantin
2020-05-10 04:08:53.496691	konstantin
2020-05-10 04:09:13.217556	konstantin
2020-05-10 04:09:36.095652	konstantin
2020-05-10 04:31:14.776688	konstantin
2020-05-10 04:31:41.164007	konstantin
2020-05-10 11:31:27.370177	konstantin
2020-05-10 11:56:16.795755	konstantin
2020-05-10 12:24:43.560301	konstantin
2020-05-10 12:27:38.956559	konstantin
2020-05-10 18:06:08.797709	artem
2020-05-10 18:31:56.552227	konstantin
2020-05-10 18:36:01.362021	konstantin
2020-05-10 18:36:05.193459	konstantin
2020-05-10 18:49:03.674379	anatoliy
2020-05-10 18:49:12.193282	anatoliy
2020-05-10 18:49:14.530603	anatoliy
2020-05-10 18:49:19.950108	anatoliy
2020-05-10 18:49:23.523689	anatoliy
2020-05-10 19:32:32.684838	konstantin
2020-05-10 19:48:50.488076	pavel
2020-05-10 20:54:37.239011	anatoliy
2020-05-10 20:54:43.384645	anatoliy
2020-05-10 20:54:46.479248	anatoliy
2020-05-10 20:54:52.423604	anatoliy
2020-05-10 20:55:01.611763	anatoliy
2020-05-10 20:55:10.105278	anatoliy
2020-05-10 20:55:14.344287	anatoliy
2020-05-10 20:55:25.856498	anatoliy
2020-05-10 20:55:29.710438	anatoliy
2020-05-10 20:56:12.914896	anatoliy
2020-05-10 20:58:04.038189	anatoliy
2020-05-10 21:07:50.350946	valentina
2020-05-10 21:24:28.491170	valentina
2020-05-10 22:10:23.905698	anatoliy
2020-05-10 22:10:27.209516	anatoliy
2020-05-10 22:10:29.481428	anatoliy
2020-05-10 22:40:22.291617	pavel
2020-05-10 22:40:36.775712	pavel
2020-05-10 22:40:56.751672	pavel
2020-05-10 22:41:35.459563	pavel
2020-05-10 22:42:10.851562	pavel
2020-05-10 22:42:17.234460	pavel
2020-05-10 22:42:20.976978	pavel
2020-05-10 22:42:47.689910	valentina
2020-05-10 22:44:00.071652	pavel
2020-05-10 22:44:09.393239	valentina
2020-05-11 01:04:51.425036	pavel
2020-05-11 01:04:58.268566	pavel
2020-05-11 10:55:04.335091	maxim
2020-05-11 11:12:26.903732	maxim
2020-05-11 11:20:32.750952	konstantin
2020-05-11 11:22:21.614275	anatoliy
2020-05-11 15:39:38.220003	anatoliy
2020-05-11 15:39:57.277993	anatoliy
2020-05-11 15:39:59.431350	anatoliy
2020-05-11 15:40:01.264372	anatoliy
2020-05-11 15:40:03.180944	anatoliy
2020-05-11 15:40:05.749912	anatoliy
2020-05-11 15:40:07.301023	anatoliy
2020-05-11 15:40:11.163468	anatoliy
2020-05-11 15:40:15.703240	anatoliy
2020-05-11 15:44:13.086030	anatoliy
2020-05-11 15:45:56.419327	anatoliy
2020-05-11 15:46:00.116088	anatoliy
2020-05-11 15:46:07.958291	anatoliy
2020-05-11 15:46:14.814452	anatoliy
2020-05-11 15:46:22.457882	anatoliy
2020-05-11 15:46:38.104112	anatoliy
2020-05-11 15:46:58.955715	anatoliy
2020-05-11 16:02:16.638119	artem
2020-05-11 16:54:32.791909	pavel
2020-05-11 16:54:51.407866	pavel
2020-05-11 17:16:29.140525	pavel
2020-05-11 17:16:32.764539	pavel
2020-05-11 17:16:36.314721	pavel
2020-05-11 17:16:40.405535	pavel
2020-05-11 17:16:58.519642	pavel
2020-05-11 17:17:16.347818	pavel
2020-05-11 17:17:36.974877	pavel
2020-05-11 17:18:04.201056	pavel
2020-05-11 18:55:11.969027	valentina
2020-05-11 19:47:20.288269	oksana
2020-05-11 19:47:20.910596	oksana
2020-05-11 20:12:31.201969	konstantin
2020-05-11 20:46:32.301105	artem
2020-05-11 20:52:43.616221	pavel
2020-05-11 21:14:35.116210	anatoliy
2020-05-11 21:14:42.738456	anatoliy
2020-05-11 21:14:45.541924	anatoliy
2020-05-11 21:14:48.613045	anatoliy
2020-05-11 21:14:52.099218	anatoliy
2020-05-11 21:14:55.320486	anatoliy
2020-05-11 21:14:59.016472	anatoliy
2020-05-11 21:15:02.007049	anatoliy
2020-05-11 21:15:06.198863	anatoliy
2020-05-11 21:17:35.611423	anatoliy
2020-05-11 21:19:42.935648	anatoliy
2020-05-11 21:21:24.652313	anatoliy
2020-05-11 21:22:35.751338	anatoliy
2020-05-11 21:22:40.269370	anatoliy
2020-05-11 21:22:44.333164	anatoliy
2020-05-11 21:22:50.888844	anatoliy
2020-05-11 21:22:56.080866	anatoliy
2020-05-11 21:24:16.274631	anatoliy
2020-05-11 21:24:22.985826	anatoliy
2020-05-11 21:24:35.546710	anatoliy
2020-05-11 21:24:39.404283	anatoliy
2020-05-11 21:24:43.135173	anatoliy
2020-05-11 21:24:50.223516	anatoliy
2020-05-11 21:24:53.784697	anatoliy
2020-05-11 21:25:00.906904	anatoliy
2020-05-11 21:29:16.612384	anatoliy
2020-05-11 21:29:19.603769	anatoliy
2020-05-11 21:29:25.307061	anatoliy
2020-05-11 21:29:28.359208	anatoliy
2020-05-11 21:29:32.523610	anatoliy
2020-05-11 21:29:39.878790	anatoliy
2020-05-11 21:29:44.548150	anatoliy
2020-05-11 21:29:47.494250	anatoliy
2020-05-11 21:29:50.938741	anatoliy
2020-05-11 21:29:56.905612	anatoliy
2020-05-11 21:30:50.696861	anatoliy
2020-05-11 21:30:54.909431	anatoliy
2020-05-11 21:31:03.396024	anatoliy
2020-05-11 21:31:08.778207	anatoliy
2020-05-11 21:31:11.193442	anatoliy
2020-05-11 21:31:17.422038	anatoliy
2020-05-11 21:31:19.746121	anatoliy
2020-05-11 21:31:23.104927	anatoliy
2020-05-11 21:31:27.146688	anatoliy
2020-05-11 21:31:29.945684	anatoliy
2020-05-11 21:31:34.253541	anatoliy
2020-05-11 21:31:37.346619	anatoliy
2020-05-11 21:31:40.606367	anatoliy
2020-05-11 21:31:43.381113	anatoliy
2020-05-11 21:31:49.839770	anatoliy
2020-05-11 21:31:52.771765	anatoliy
2020-05-11 21:31:54.985647	anatoliy
2020-05-11 21:31:59.582632	anatoliy
2020-05-11 21:32:06.184549	anatoliy
2020-05-11 21:32:14.013151	anatoliy
2020-05-11 21:33:32.349175	anatoliy
2020-05-11 21:33:38.661508	anatoliy
2020-05-11 21:33:42.105589	anatoliy
2020-05-11 21:33:52.724271	anatoliy
2020-05-11 21:33:54.462416	anatoliy
2020-05-11 21:33:56.279880	anatoliy
2020-05-11 21:34:17.145592	anatoliy
2020-05-11 21:34:19.896218	anatoliy
2020-05-11 21:34:33.988848	anatoliy
2020-05-11 21:34:36.226110	anatoliy
2020-05-11 21:34:46.581178	anatoliy
2020-05-11 21:34:49.606976	anatoliy
2020-05-11 21:35:05.226668	anatoliy
2020-05-11 21:35:09.634478	anatoliy
2020-05-11 21:35:19.475050	anatoliy
2020-05-11 21:41:11.912309	anatoliy
2020-05-11 21:56:54.292312	alexander
2020-05-11 21:59:29.696441	valentina
2020-05-11 22:21:54.065450	anatoliy
2020-05-11 22:22:33.307603	anatoliy
2020-05-11 22:22:35.582633	anatoliy
2020-05-11 22:22:37.514651	anatoliy
2020-05-11 22:22:48.236030	anatoliy
2020-05-11 22:22:51.838868	anatoliy
2020-05-11 22:22:56.392107	anatoliy
2020-05-11 22:23:02.067221	anatoliy
2020-05-11 22:23:06.357445	anatoliy
2020-05-11 22:23:09.390967	anatoliy
2020-05-11 22:23:14.070783	anatoliy
2020-05-11 22:23:17.613389	anatoliy
2020-05-11 22:23:21.075637	anatoliy
2020-05-11 22:23:25.207882	anatoliy
2020-05-11 22:23:29.036656	anatoliy
2020-05-11 22:23:33.195366	anatoliy
2020-05-11 22:23:35.404808	anatoliy
2020-05-11 22:23:41.626123	anatoliy
2020-05-11 22:23:44.654688	anatoliy
2020-05-11 22:23:49.968923	anatoliy
2020-05-11 22:26:35.035113	anatoliy
2020-05-11 22:26:49.542371	anatoliy
2020-05-11 22:26:54.267731	anatoliy
2020-05-11 22:26:59.454136	anatoliy
2020-05-11 22:27:02.930135	anatoliy
2020-05-11 22:27:07.986025	anatoliy
2020-05-11 22:27:11.826953	anatoliy
2020-05-11 22:27:16.194329	anatoliy
2020-05-11 22:27:42.702588	anatoliy
2020-05-11 22:27:48.248973	anatoliy
2020-05-11 22:29:30.707480	anatoliy
2020-05-11 22:29:35.866411	anatoliy
2020-05-11 22:29:40.070073	anatoliy
2020-05-11 22:29:43.103341	anatoliy
2020-05-11 22:29:48.434251	anatoliy
2020-05-11 22:29:51.326968	anatoliy
2020-05-11 22:29:56.473486	anatoliy
2020-05-11 22:29:58.979657	anatoliy
2020-05-11 22:30:03.328345	anatoliy
2020-05-11 22:31:22.008602	anatoliy
2020-05-11 22:33:32.887032	anatoliy
2020-05-11 22:33:35.934896	anatoliy
2020-05-11 22:33:40.173871	anatoliy
2020-05-11 22:33:54.011518	anatoliy
2020-05-11 22:33:58.063777	anatoliy
2020-05-11 22:34:02.036621	anatoliy
2020-05-11 22:34:07.511514	anatoliy
2020-05-11 22:34:13.073151	anatoliy
2020-05-11 22:34:17.187165	anatoliy
2020-05-11 22:34:23.039689	anatoliy
2020-05-11 22:34:29.694051	anatoliy
2020-05-11 22:36:59.238607	anatoliy
2020-05-11 22:37:05.387777	anatoliy
2020-05-11 22:41:42.426341	anatoliy
2020-05-11 22:41:47.660074	anatoliy
2020-05-11 22:41:49.880769	anatoliy
2020-05-11 22:46:32.323089	anatoliy
2020-05-11 22:46:35.286356	anatoliy
2020-05-11 22:46:38.240721	anatoliy
2020-05-11 22:46:41.274872	anatoliy
2020-05-11 22:48:02.918394	anatoliy
2020-05-11 22:48:10.743621	anatoliy
2020-05-11 22:48:18.521062	anatoliy
2020-05-11 22:48:21.915249	anatoliy
2020-05-11 22:48:26.778171	anatoliy
2020-05-11 22:48:29.967692	anatoliy
2020-05-11 22:48:40.637414	anatoliy
2020-05-11 22:48:46.513412	konstantin
2020-05-11 22:49:04.388401	anatoliy
2020-05-11 22:51:51.728257	anatoliy
2020-05-11 22:51:56.148694	anatoliy
2020-05-11 22:52:20.111656	anatoliy
2020-05-11 22:52:22.155197	anatoliy
2020-05-11 22:52:36.000709	anatoliy
2020-05-11 22:52:39.366783	anatoliy
2020-05-11 22:52:46.554005	anatoliy
2020-05-11 22:52:48.738900	anatoliy
2020-05-11 22:52:53.761680	anatoliy
2020-05-11 22:52:58.289158	anatoliy
2020-05-11 22:52:59.775186	anatoliy
2020-05-11 22:53:04.639438	anatoliy
2020-05-11 22:53:13.856524	anatoliy
2020-05-11 22:53:18.682820	anatoliy
2020-05-11 22:53:21.061993	anatoliy
2020-05-11 22:53:28.332445	anatoliy
2020-05-11 22:53:36.152799	anatoliy
2020-05-11 22:53:40.856590	anatoliy
2020-05-11 22:53:49.515733	anatoliy
2020-05-11 22:54:01.139499	anatoliy
2020-05-11 22:54:15.141435	anatoliy
2020-05-11 23:31:01.177906	anatoliy
2020-05-12 00:01:27.764025	pavel
2020-05-12 00:01:38.444917	pavel
2020-05-12 00:01:55.395042	pavel
2020-05-12 00:26:30.724998	konstantin
2020-05-12 00:28:57.362197	konstantin
2020-05-12 11:52:19.962204	valentina
2020-05-12 13:00:35.681339	pavel
2020-05-12 13:00:52.612270	pavel
2020-05-12 13:09:46.046282	pavel
2020-05-12 14:40:13.368051	valentina
2020-05-12 15:34:07.358658	artem
2020-05-12 15:50:57.570044	anatoliy
2020-05-12 15:53:11.160281	anatoliy
2020-05-12 15:53:13.945083	anatoliy
2020-05-12 17:15:58.891168	pavel
2020-05-12 17:17:59.909379	valentina
2020-05-12 17:32:08.400098	pavel
2020-05-12 17:33:53.097676	valentina
2020-05-12 17:42:26.025666	valentina
2020-05-12 17:52:30.732240	valentina
2020-05-12 17:54:22.510920	valentina
2020-05-12 18:21:28.814220	anatoliy
2020-05-12 18:28:08.501152	valentina
2020-05-12 18:44:47.861398	valentina
2020-05-12 18:45:20.046815	pavel
2020-05-12 18:45:31.786535	pavel
2020-05-12 19:26:55.499234	konstantin
2020-05-12 19:31:22.618018	maxim
2020-05-12 19:33:08.119747	maxim
2020-05-12 19:52:18.190983	konstantin
2020-05-12 20:02:54.315069	anatoliy
2020-05-12 20:04:20.413100	konstantin
2020-05-12 20:53:27.451969	konstantin
2020-05-12 20:54:22.101391	konstantin
2020-05-12 20:57:47.398099	pavel
2020-05-12 20:58:03.541088	pavel
2020-05-12 20:59:32.327502	maxim
2020-05-12 21:00:24.653252	maxim
2020-05-12 21:07:23.929789	anatoliy
2020-05-12 21:07:27.575317	anatoliy
2020-05-12 21:07:29.208033	anatoliy
2020-05-12 21:07:31.021189	anatoliy
2020-05-12 21:07:33.976381	anatoliy
2020-05-12 21:07:37.002494	anatoliy
2020-05-12 21:07:39.337474	anatoliy
2020-05-12 21:07:43.022254	anatoliy
2020-05-12 21:07:45.655777	anatoliy
2020-05-12 21:07:47.729574	anatoliy
2020-05-12 21:07:50.250592	anatoliy
2020-05-12 21:07:52.848602	anatoliy
2020-05-12 21:07:54.527336	anatoliy
2020-05-12 21:07:56.883296	anatoliy
2020-05-12 21:16:16.567003	pavel
2020-05-12 21:18:12.601180	pavel
2020-05-12 21:25:47.203575	pavel
2020-05-12 21:25:56.349985	pavel
2020-05-12 21:28:33.997639	pavel
2020-05-12 21:36:39.112235	konstantin
2020-05-12 21:37:53.851529	maxim
2020-05-12 21:45:02.674075	pavel
2020-05-12 21:46:00.501784	maxim
2020-05-12 21:48:38.335887	konstantin
2020-05-12 21:49:48.330937	pavel
2020-05-12 21:49:54.986050	pavel
2020-05-12 21:50:08.659472	pavel
2020-05-12 21:50:19.399795	pavel
2020-05-12 21:50:23.057233	pavel
2020-05-12 21:50:27.302621	pavel
2020-05-12 21:50:29.526150	pavel
2020-05-12 21:50:40.700727	pavel
2020-05-12 21:50:43.258131	pavel
2020-05-12 21:51:15.439094	pavel
2020-05-12 21:51:21.522861	pavel
2020-05-12 21:51:45.755731	pavel
2020-05-12 21:52:50.968227	pavel
2020-05-12 21:53:02.206386	pavel
2020-05-12 21:55:20.919915	pavel
2020-05-12 22:03:57.403575	konstantin
2020-05-12 22:06:15.334532	pavel
2020-05-12 22:06:36.793334	pavel
2020-05-12 22:08:28.331008	pavel
2020-05-12 22:13:41.304001	maxim
2020-05-12 22:13:45.355463	maxim
2020-05-12 22:25:54.663529	valentina
2020-05-12 23:04:39.319316	konstantin
2020-05-12 23:04:54.704435	konstantin
2020-05-13 00:51:28.596876	pavel
2020-05-13 00:51:39.485981	pavel
2020-05-13 00:51:48.307642	pavel
2020-05-13 00:51:51.235785	pavel
2020-05-13 00:51:53.823330	pavel
2020-05-13 00:51:56.952662	pavel
2020-05-13 00:51:59.641605	pavel
2020-05-13 00:52:21.341992	pavel
2020-05-13 00:52:40.776025	valentina
2020-05-13 00:52:47.579523	valentina
2020-05-13 00:52:53.759841	pavel
2020-05-13 00:53:04.122832	pavel
2020-05-13 00:53:17.976621	pavel
2020-05-13 00:53:22.197897	pavel
2020-05-13 00:54:37.931571	pavel
2020-05-13 00:55:28.856513	pavel
2020-05-13 11:24:33.818083	konstantin
2020-05-13 12:03:10.187476	valentina
2020-05-13 13:52:20.814080	artem
2020-05-13 14:57:34.394203	valentina
2020-05-13 14:57:38.264683	valentina
2020-05-13 14:58:20.657297	valentina
2020-05-13 15:50:54.863783	maxim
2020-05-13 15:54:46.118105	valentina
2020-05-13 15:54:53.554749	valentina
2020-05-13 15:55:02.097235	valentina
2020-05-13 15:55:12.712350	valentina
2020-05-13 15:55:17.533004	valentina
2020-05-13 15:55:56.839182	valentina
2020-05-13 15:58:44.817283	valentina
2020-05-13 15:58:49.480100	valentina
2020-05-13 15:59:03.579611	valentina
2020-05-13 15:59:15.508049	valentina
2020-05-13 16:01:54.273019	valentina
2020-05-13 16:03:40.083246	valentina
2020-05-13 16:03:50.650398	valentina
2020-05-13 16:04:05.360117	valentina
2020-05-13 16:04:18.517315	valentina
2020-05-13 16:05:48.123454	valentina
2020-05-13 16:05:55.576233	valentina
2020-05-13 16:06:05.354210	valentina
2020-05-13 16:06:14.837747	valentina
2020-05-13 16:06:29.058653	valentina
2020-05-13 16:07:31.289890	valentina
2020-05-13 16:09:24.155007	valentina
2020-05-13 16:09:35.346437	valentina
2020-05-13 16:09:47.908107	valentina
2020-05-13 16:18:27.616365	valentina
2020-05-13 16:18:43.656255	valentina
2020-05-13 16:19:10.947353	valentina
2020-05-13 16:19:13.451174	valentina
2020-05-13 16:19:16.122213	valentina
2020-05-13 16:19:38.235127	valentina
2020-05-13 16:24:47.434799	valentina
2020-05-13 16:27:34.240173	valentina
2020-05-13 17:03:02.929629	pavel
2020-05-13 17:03:18.094528	pavel
2020-05-13 17:05:16.871328	pavel
2020-05-13 17:13:52.477293	pavel
2020-05-13 17:14:01.098533	pavel
2020-05-13 17:14:04.566458	pavel
2020-05-13 17:14:34.067153	pavel
2020-05-13 17:14:49.837479	pavel
2020-05-13 17:45:06.105963	valentina
2020-05-13 18:27:04.040569	pavel
2020-05-13 18:29:14.513364	valentina
2020-05-13 18:29:26.164790	valentina
2020-05-13 18:53:52.464923	valentina
2020-05-13 19:03:02.470948	pavel
2020-05-13 19:03:18.034637	pavel
2020-05-13 19:20:38.030926	valentina
2020-05-13 19:55:52.386379	valentina
2020-05-13 20:00:22.994929	valentina
2020-05-13 20:00:26.683710	valentina
2020-05-13 20:00:59.235948	valentina
2020-05-13 20:07:49.468567	anatoliy
2020-05-13 20:11:31.927697	valentina
2020-05-13 20:11:47.823468	valentina
2020-05-13 20:12:08.367717	valentina
2020-05-13 20:26:16.404251	valentina
2020-05-13 20:26:55.752068	valentina
2020-05-13 20:49:17.247445	valentina
2020-05-13 21:06:12.870284	valentina
2020-05-13 21:06:16.428175	valentina
2020-05-13 21:08:33.709031	valentina
2020-05-13 21:08:36.059948	valentina
2020-05-13 21:08:45.740772	valentina
2020-05-13 21:09:27.292152	valentina
2020-05-13 21:11:03.189829	valentina
2020-05-13 21:11:10.931823	valentina
2020-05-13 21:11:16.687550	valentina
2020-05-13 21:11:36.962409	valentina
2020-05-13 21:14:15.115028	valentina
2020-05-13 21:14:44.836424	valentina
2020-05-13 21:17:02.257679	valentina
2020-05-13 21:17:28.953720	valentina
2020-05-13 21:17:38.546762	valentina
2020-05-13 21:17:47.599372	valentina
2020-05-13 22:21:52.117412	valentina
2020-05-13 22:21:57.619479	valentina
2020-05-13 22:27:14.701541	maxim
2020-05-13 22:27:19.762395	maxim
2020-05-13 22:27:36.456362	maxim
2020-05-14 00:13:49.532283	maxim
2020-05-14 00:22:57.668245	maxim
2020-05-14 09:36:17.149484	anatoliy
2020-05-14 09:58:15.081748	maxim
2020-05-14 10:08:04.832361	maxim
2020-05-14 10:08:05.726956	maxim
2020-05-14 10:08:08.606562	maxim
2020-05-14 10:08:11.717499	maxim
2020-05-14 12:57:50.976130	valentina
2020-05-14 13:23:23.522089	maxim
2020-05-14 13:24:41.851541	maxim
2020-05-14 13:25:10.120897	maxim
2020-05-14 13:28:14.499594	pavel
2020-05-14 13:29:04.787251	pavel
2020-05-14 13:29:17.403985	pavel
2020-05-14 13:34:03.352291	pavel
2020-05-14 13:34:09.243136	pavel
2020-05-14 13:34:47.614619	pavel
2020-05-14 13:36:07.499254	valentina
2020-05-14 13:40:42.198503	pavel
2020-05-14 13:40:49.615877	pavel
2020-05-14 13:41:20.595864	pavel
2020-05-14 13:46:28.240456	pavel
2020-05-14 13:46:34.001294	pavel
2020-05-14 13:53:19.104000	pavel
2020-05-14 13:54:49.151237	maxim
2020-05-14 13:56:00.934256	pavel
2020-05-14 13:56:07.734913	pavel
2020-05-14 13:56:12.714316	pavel
2020-05-14 13:58:17.068451	pavel
2020-05-14 14:01:22.092575	pavel
2020-05-14 14:01:28.766576	pavel
2020-05-14 14:01:42.024471	pavel
2020-05-14 14:04:25.960912	pavel
2020-05-14 14:06:17.583807	pavel
2020-05-14 14:06:21.613604	pavel
2020-05-14 14:06:23.882731	pavel
2020-05-14 14:06:26.171741	pavel
2020-05-14 14:06:28.373526	pavel
2020-05-14 14:06:30.026803	pavel
2020-05-14 14:07:05.526638	pavel
2020-05-14 14:08:54.769525	valentina
2020-05-14 14:09:40.948124	pavel
2020-05-14 14:11:24.205739	pavel
2020-05-14 14:11:36.988297	pavel
2020-05-14 14:17:50.973348	valentina
2020-05-14 14:21:25.143549	valentina
2020-05-14 14:21:31.663319	valentina
2020-05-14 14:21:37.452684	valentina
2020-05-14 14:21:58.709002	valentina
2020-05-14 14:23:11.976113	valentina
2020-05-14 14:23:17.522523	valentina
2020-05-14 14:25:59.895306	valentina
2020-05-14 14:26:03.416612	valentina
2020-05-14 14:44:33.998449	valentina
2020-05-14 14:44:37.002776	valentina
2020-05-14 14:44:45.765220	valentina
2020-05-14 14:44:48.800876	valentina
2020-05-14 14:45:00.572882	valentina
2020-05-14 14:50:02.397905	valentina
2020-05-14 14:50:07.705543	valentina
2020-05-14 14:50:33.142192	valentina
2020-05-14 14:58:44.790853	valentina
2020-05-14 15:02:03.660900	maxim
2020-05-14 15:02:11.751622	maxim
2020-05-14 15:02:12.755151	maxim
2020-05-14 15:19:15.628677	maxim
2020-05-14 15:24:36.709632	ekaterina
2020-05-14 15:28:05.075200	valentina
2020-05-14 15:28:07.092510	valentina
2020-05-14 15:57:53.426257	konstantin
2020-05-14 15:58:19.618073	konstantin
2020-05-14 16:03:16.914266	konstantin
2020-05-14 16:15:14.902117	maxim
2020-05-14 16:25:45.433127	oksana
2020-05-14 16:25:46.072530	oksana
2020-05-14 16:29:34.677307	ekaterina
2020-05-14 16:35:34.498213	artem
2020-05-14 16:52:27.742494	pavel
2020-05-14 16:54:44.935022	pavel
2020-05-14 16:54:56.803120	pavel
2020-05-14 16:57:03.848299	pavel
2020-05-14 17:14:08.014705	ekaterina
2020-05-14 17:15:28.221940	valentina
2020-05-14 17:21:40.614408	pavel
2020-05-14 17:21:47.795843	pavel
2020-05-14 17:21:54.058870	pavel
2020-05-14 17:21:58.436699	pavel
2020-05-14 17:22:03.849308	pavel
2020-05-14 17:22:08.764333	pavel
2020-05-14 17:22:12.748590	pavel
2020-05-14 17:22:27.052024	pavel
2020-05-14 17:31:23.771010	pavel
2020-05-14 17:35:00.905406	pavel
2020-05-14 17:35:10.750241	pavel
2020-05-14 17:35:14.488902	pavel
2020-05-14 17:35:15.701229	pavel
2020-05-14 17:35:22.007862	pavel
2020-05-14 17:35:24.833856	pavel
2020-05-14 17:50:45.663653	maxim
2020-05-14 17:53:28.956683	maxim
2020-05-14 17:58:59.234848	maxim
2020-05-14 18:03:35.120601	valentina
2020-05-14 18:24:52.696044	maxim
2020-05-14 18:27:07.226884	valentina
2020-05-14 18:33:26.512104	valentina
2020-05-14 19:18:23.960032	anatoliy
2020-05-14 19:24:41.893544	valentina
2020-05-14 19:40:32.789611	valentina
2020-05-14 19:41:07.051866	ekaterina
2020-05-14 19:42:30.497188	valentina
2020-05-14 19:42:35.380503	valentina
2020-05-14 19:42:37.096475	valentina
2020-05-14 19:42:43.569906	valentina
2020-05-14 19:42:49.817098	valentina
2020-05-14 19:50:10.027712	valentina
2020-05-14 20:13:10.905408	valentina
2020-05-14 20:21:14.973628	anatoliy
2020-05-14 20:47:21.310206	artem
2020-05-14 21:55:41.686966	maxim
2020-05-14 21:55:50.237031	ekaterina
2020-05-14 22:08:45.906080	pavel
2020-05-14 22:09:16.703734	valentina
2020-05-14 22:17:15.727746	ekaterina
2020-05-14 22:22:56.914387	ekaterina
2020-05-14 22:24:38.784320	maxim
2020-05-14 22:25:44.414380	maxim
2020-05-14 22:26:06.539092	ekaterina
2020-05-14 22:26:08.965379	ekaterina
2020-05-14 22:26:12.706907	ekaterina
2020-05-14 22:26:13.739043	ekaterina
2020-05-14 22:26:14.671998	ekaterina
2020-05-14 22:26:15.480116	ekaterina
2020-05-14 22:26:16.277068	ekaterina
2020-05-14 22:26:17.188118	ekaterina
2020-05-14 22:26:22.514838	ekaterina
2020-05-14 22:26:26.330241	ekaterina
2020-05-14 22:32:41.300637	ekaterina
2020-05-14 22:33:07.477907	ekaterina
2020-05-14 22:43:33.958396	ekaterina
2020-05-14 22:44:05.168666	ekaterina
2020-05-14 22:46:21.298451	ekaterina
2020-05-14 22:46:26.012535	ekaterina
2020-05-14 22:46:27.998305	ekaterina
2020-05-14 22:46:35.684418	ekaterina
2020-05-14 22:46:45.251641	ekaterina
2020-05-14 22:48:54.112716	ekaterina
2020-05-14 22:48:58.528758	ekaterina
2020-05-14 22:49:05.407676	ekaterina
2020-05-14 22:49:08.503903	ekaterina
2020-05-14 22:49:15.947205	ekaterina
2020-05-14 22:49:21.702662	ekaterina
2020-05-14 22:50:55.539698	valentina
2020-05-14 22:51:50.295470	ekaterina
2020-05-14 22:51:56.546762	ekaterina
2020-05-14 22:51:57.796675	ekaterina
2020-05-14 22:51:58.794262	ekaterina
2020-05-14 22:51:59.525918	ekaterina
2020-05-14 22:52:00.779960	ekaterina
2020-05-14 22:52:05.580113	ekaterina
2020-05-14 22:52:09.562312	ekaterina
2020-05-14 22:52:20.217907	ekaterina
2020-05-14 22:56:03.247304	ekaterina
2020-05-14 22:56:07.680183	ekaterina
2020-05-14 22:56:08.952313	ekaterina
2020-05-14 22:56:09.599085	ekaterina
2020-05-14 22:56:12.510063	ekaterina
2020-05-14 22:56:13.165454	ekaterina
2020-05-14 22:56:13.947200	ekaterina
2020-05-14 22:56:14.464582	alexander
2020-05-14 22:56:14.809237	ekaterina
2020-05-14 22:56:15.721252	ekaterina
2020-05-14 22:56:16.645177	ekaterina
2020-05-14 22:56:17.713331	ekaterina
2020-05-14 22:59:41.332065	ekaterina
2020-05-14 22:59:48.277349	ekaterina
2020-05-14 23:02:11.327532	ekaterina
2020-05-14 23:02:14.494985	ekaterina
2020-05-14 23:02:15.588808	ekaterina
2020-05-14 23:02:16.358992	ekaterina
2020-05-14 23:02:17.058125	ekaterina
2020-05-14 23:02:17.667048	ekaterina
2020-05-14 23:02:18.431457	ekaterina
2020-05-14 23:03:50.025114	ekaterina
2020-05-14 23:04:34.691990	ekaterina
2020-05-14 23:04:38.821569	artem
2020-05-14 23:08:51.259924	ekaterina
2020-05-14 23:08:53.188236	ekaterina
2020-05-14 23:12:07.029995	ekaterina
2020-05-14 23:30:45.650337	ekaterina
2020-05-14 23:58:56.754866	valentina
2020-05-14 23:59:38.758438	alexander
2020-05-15 00:00:13.222265	valentina
2020-05-15 00:01:05.153738	valentina
2020-05-15 00:02:05.652585	valentina
2020-05-15 00:05:27.798227	alexander
2020-05-15 00:10:24.935904	alexander
2020-05-15 00:12:22.886082	maxim
2020-05-15 00:12:27.352993	maxim
2020-05-15 00:15:44.150373	alexander
2020-05-15 00:15:56.403749	valentina
2020-05-15 00:19:29.163438	konstantin
2020-05-15 00:19:35.131440	alexander
2020-05-15 00:19:41.693715	konstantin
2020-05-15 00:37:50.088241	valentina
2020-05-15 00:38:19.284981	alexander
2020-05-15 00:41:07.728365	alexander
2020-05-15 00:54:53.756201	alexander
2020-05-15 01:13:14.559654	alexander
2020-05-15 01:23:22.504313	alexander
2020-05-15 01:24:30.342494	alexander
2020-05-15 08:16:03.918402	alexander
2020-05-15 08:35:01.471463	alexander
2020-05-15 09:02:24.999438	alexander
2020-05-15 10:47:15.098331	artem
2020-05-15 11:24:43.509570	alexander
2020-05-15 12:58:20.101444	maxim
2020-05-15 13:01:22.753180	maxim
2020-05-15 13:33:06.773357	valentina
2020-05-15 13:38:34.833568	valentina
2020-05-15 14:14:07.055576	alexander
2020-05-15 15:01:23.247104	aleksey
2020-05-15 17:45:07.023851	ekaterina
2020-05-16 00:16:07.272174	anatoliy
2020-05-16 10:02:08.925840	konstantin
2020-05-16 12:28:58.914991	nikolay
2020-05-16 12:29:39.899373	nikolay
2020-05-17 12:56:50.148196	anatoliy
2020-05-17 16:49:42.644164	alexander
2020-05-17 16:51:16.050701	alexander
2020-05-17 17:39:50.896297	maxim
2020-05-17 18:36:42.270507	valentina
2020-05-17 20:08:57.135883	valentina
2020-05-17 20:10:42.112017	valentina
2020-05-17 21:08:35.452623	valentina
2020-05-17 21:54:22.507380	alexander
2020-05-18 13:48:42.652894	maxim
2020-05-18 20:08:12.092958	pavel
2020-05-18 20:47:36.971195	maxim
2020-05-18 22:05:00.106464	maxim
2020-05-18 23:06:23.874285	ekaterina
2020-05-18 23:06:52.426568	ekaterina
2020-05-18 23:07:02.623028	ekaterina
2020-05-18 23:07:15.073740	ekaterina
2020-05-18 23:07:38.162549	ekaterina
2020-05-18 23:07:49.737053	ekaterina
2020-05-18 23:08:35.102006	ekaterina
2020-05-18 23:09:21.201898	ekaterina
2020-05-18 23:10:35.341127	ekaterina
2020-05-18 23:11:03.993455	valentina
2020-05-18 23:11:08.438023	valentina
2020-05-18 23:11:13.917512	valentina
2020-05-18 23:11:36.078321	valentina
2020-05-18 23:11:39.661967	valentina
2020-05-18 23:12:11.945613	valentina
2020-05-18 23:12:20.181732	valentina
2020-05-18 23:13:35.513306	anatoliy
2020-05-18 23:13:40.103120	anatoliy
2020-05-18 23:13:42.798068	anatoliy
2020-05-18 23:13:46.099484	anatoliy
2020-05-18 23:13:49.263698	anatoliy
2020-05-18 23:13:53.136774	anatoliy
2020-05-18 23:13:59.451320	anatoliy
2020-05-18 23:14:07.001276	anatoliy
2020-05-18 23:14:12.586190	anatoliy
2020-05-18 23:14:19.692262	anatoliy
2020-05-18 23:14:22.344240	anatoliy
2020-05-18 23:14:32.043788	anatoliy
2020-05-18 23:14:40.034859	anatoliy
2020-05-18 23:14:43.005537	anatoliy
2020-05-18 23:14:45.770818	anatoliy
2020-05-18 23:14:54.357893	anatoliy
2020-05-18 23:15:00.620576	anatoliy
2020-05-18 23:15:07.725473	anatoliy
2020-05-18 23:15:11.862146	anatoliy
2020-05-18 23:15:15.833602	anatoliy
2020-05-18 23:15:26.097342	anatoliy
2020-05-18 23:15:44.875764	anatoliy
2020-05-18 23:16:12.371984	anatoliy
2020-05-18 23:16:15.406494	anatoliy
2020-05-18 23:16:48.498169	valentina
2020-05-18 23:17:01.786927	anatoliy
2020-05-18 23:17:05.601688	anatoliy
2020-05-18 23:17:08.871898	anatoliy
2020-05-18 23:20:07.155003	anatoliy
2020-05-18 23:25:20.512222	anatoliy
2020-05-18 23:38:44.123143	pavel
2020-05-19 09:13:15.881477	anatoliy
2020-05-19 09:13:21.011615	anatoliy
2020-05-19 11:06:06.508671	artem
2020-05-19 11:42:52.923123	anatoliy
2020-05-19 11:53:36.247138	anatoliy
2020-05-19 11:55:47.392661	anatoliy
2020-05-19 12:04:10.045383	anatoliy
2020-05-19 14:39:32.567125	ekaterina
2020-05-19 14:42:02.170402	ekaterina
2020-05-19 16:55:39.793823	maxim
2020-05-19 17:34:34.156705	maxim
2020-05-19 23:04:35.576177	ekaterina
2020-05-20 10:37:24.496484	ekaterina
2020-05-20 10:37:37.838924	ekaterina
2020-05-20 10:51:13.167244	ekaterina
2020-05-20 11:03:02.776218	ekaterina
2020-05-20 11:06:02.308460	ekaterina
2020-05-20 11:06:11.251261	ekaterina
2020-05-20 15:24:14.569644	alexander
2020-05-20 17:03:01.606846	pavel
2020-05-20 17:10:26.636095	pavel
2020-05-20 17:43:17.804904	pavel
2020-05-20 17:52:59.152339	pavel
2020-05-20 23:43:07.300734	valentina
2020-05-21 00:56:24.263958	valentina
2020-05-21 01:46:08.730098	valentina
2020-05-21 01:57:58.652380	pavel
2020-05-21 12:33:32.521770	maxim
2020-05-21 12:33:32.812265	maxim
2020-05-21 16:28:28.217529	ekaterina
2020-05-21 16:36:40.915488	ekaterina
2020-05-21 17:49:36.429237	maxim
2020-05-21 18:45:20.441142	valentina
2020-05-21 23:03:06.457819	maxim
2020-05-21 23:23:49.995349	pavel
2020-05-21 23:49:22.386789	artem
2020-05-22 10:36:14.662600	artem
